2018-05-23T12:08:45Z	fluent.info	{"worker":0,"message":"fluentd worker is now running worker=0"}
2018-05-23T12:08:46Z	a197c98c11fe	{"container_id":"a197c98c11fed0e25fa2ecb18af1dfd4e5276cd7b09076fa44ba20e53e4a7719","container_name":"/radio_station","source":"stderr","log":"'2018-05-23 12:08:46,073 DEBUG Popen(['git', 'version'], cwd=/, universal_newlines=False, shell=None)'"}
2018-05-23T12:08:46Z	a197c98c11fe	{"container_name":"/radio_station","source":"stderr","log":"'2018-05-23 12:08:46,225 INFO RadioStation main got argv(list): ['-o', '/conf/rs_conf.json']'","container_id":"a197c98c11fed0e25fa2ecb18af1dfd4e5276cd7b09076fa44ba20e53e4a7719"}
2018-05-23T12:08:46Z	a197c98c11fe	{"container_id":"a197c98c11fed0e25fa2ecb18af1dfd4e5276cd7b09076fa44ba20e53e4a7719","container_name":"/radio_station","source":"stderr","log":"'2018-05-23 12:08:46,231 INFO Set RadioStationService IP: 127.0.0.1'"}
2018-05-23T12:08:46Z	a197c98c11fe	{"source":"stdout","log":"try load configure from json file (/conf/rs_conf.json)","container_id":"a197c98c11fed0e25fa2ecb18af1dfd4e5276cd7b09076fa44ba20e53e4a7719","container_name":"/radio_station"}
2018-05-23T12:08:46Z	a197c98c11fe	{"source":"stderr","log":"'2018-05-23 12:08:46,255 INFO (Broadcast Process) Start.'","container_id":"a197c98c11fed0e25fa2ecb18af1dfd4e5276cd7b09076fa44ba20e53e4a7719","container_name":"/radio_station"}
2018-05-23T12:08:46Z	a197c98c11fe	{"container_name":"/radio_station","source":"stderr","log":"'2018-05-23 12:08:46,257 DEBUG (Broadcast Process) Status, param() audience(0)'","container_id":"a197c98c11fed0e25fa2ecb18af1dfd4e5276cd7b09076fa44ba20e53e4a7719"}
2018-05-23T12:08:46Z	76baf5348452	{"container_id":"76baf5348452b0b7a307bac6229ab24957e7034d8725b405c8e5d2b36a2fd6bc","container_name":"/peer0","source":"stderr","log":"'2018-05-23 12:08:46,477 DEBUG Popen(['git', 'version'], cwd=/, universal_newlines=False, shell=None)'"}
2018-05-23T12:08:46Z	76baf5348452	{"container_id":"76baf5348452b0b7a307bac6229ab24957e7034d8725b405c8e5d2b36a2fd6bc","container_name":"/peer0","source":"stderr","log":"# github.com SSH-2.0-libssh_0.7.0"}
2018-05-23T12:08:47Z	a197c98c11fe	{"log":"'2018-05-23 12:08:47,258 DEBUG wait start broadcast process....'","container_id":"a197c98c11fed0e25fa2ecb18af1dfd4e5276cd7b09076fa44ba20e53e4a7719","container_name":"/radio_station","source":"stderr"}
2018-05-23T12:08:47Z	a197c98c11fe	{"log":"'2018-05-23 12:08:47,260 DEBUG Broadcast Process start({\"result\": \"success\", \"Audience\": \"0\"})'","container_id":"a197c98c11fed0e25fa2ecb18af1dfd4e5276cd7b09076fa44ba20e53e4a7719","container_name":"/radio_station","source":"stderr"}
2018-05-23T12:08:47Z	a197c98c11fe	{"container_id":"a197c98c11fed0e25fa2ecb18af1dfd4e5276cd7b09076fa44ba20e53e4a7719","container_name":"/radio_station","source":"stderr","log":"'2018-05-23 12:08:47,261 DEBUG try to load channel management data from json file (/conf/channel_manage_data.json)'"}
2018-05-23T12:08:47Z	a197c98c11fe	{"container_id":"a197c98c11fed0e25fa2ecb18af1dfd4e5276cd7b09076fa44ba20e53e4a7719","container_name":"/radio_station","source":"stderr","log":"'2018-05-23 12:08:47,270 INFO loading channel info : {'channel1': {'score_package': '{your_github_id}/contract_sample'}}'"}
2018-05-23T12:08:47Z	a197c98c11fe	{"log":"'2018-05-23 12:08:47,272 INFO Current RadioStation SECURITY_MODE : False'","container_id":"a197c98c11fed0e25fa2ecb18af1dfd4e5276cd7b09076fa44ba20e53e4a7719","container_name":"/radio_station","source":"stderr"}
2018-05-23T12:08:47Z	a197c98c11fe	{"log":"'2018-05-23 12:08:47,274 DEBUG before init order list {}'","container_id":"a197c98c11fed0e25fa2ecb18af1dfd4e5276cd7b09076fa44ba20e53e4a7719","container_name":"/radio_station","source":"stderr"}
2018-05-23T12:08:47Z	a197c98c11fe	{"container_id":"a197c98c11fed0e25fa2ecb18af1dfd4e5276cd7b09076fa44ba20e53e4a7719","container_name":"/radio_station","source":"stderr","log":"'2018-05-23 12:08:47,275 DEBUG init group: all_group_id'"}
2018-05-23T12:08:47Z	a197c98c11fe	{"container_id":"a197c98c11fed0e25fa2ecb18af1dfd4e5276cd7b09076fa44ba20e53e4a7719","container_name":"/radio_station","source":"stderr","log":"'2018-05-23 12:08:47,288 DEBUG Container run...'"}
2018-05-23T12:08:47Z	a197c98c11fe	{"container_id":"a197c98c11fed0e25fa2ecb18af1dfd4e5276cd7b09076fa44ba20e53e4a7719","container_name":"/radio_station","source":"stderr","log":"'2018-05-23 12:08:47,288 INFO Start peer service at port: 7102'"}
2018-05-23T12:08:47Z	a197c98c11fe	{"container_id":"a197c98c11fed0e25fa2ecb18af1dfd4e5276cd7b09076fa44ba20e53e4a7719","container_name":"/radio_station","source":"stderr","log":"'2018-05-23 12:08:47,294 INFO Start Radio Station start duration(0.02035224700011895)'"}
2018-05-23T12:08:47Z	a197c98c11fe	{"container_id":"a197c98c11fed0e25fa2ecb18af1dfd4e5276cd7b09076fa44ba20e53e4a7719","container_name":"/radio_station","source":"stderr","log":"'2018-05-23 12:08:47,294 DEBUG (util) get stub to server target: 127.0.0.1:7102'"}
2018-05-23T12:08:47Z	a197c98c11fe	{"container_name":"/radio_station","source":"stderr","log":"'2018-05-23 12:08:47,296 INFO Server now listen: [::]:7102'","container_id":"a197c98c11fed0e25fa2ecb18af1dfd4e5276cd7b09076fa44ba20e53e4a7719"}
2018-05-23T12:08:47Z	a197c98c11fe	{"container_id":"a197c98c11fed0e25fa2ecb18af1dfd4e5276cd7b09076fa44ba20e53e4a7719","container_name":"/radio_station","source":"stderr","log":"'2018-05-23 12:08:47,299 INFO Server now listen: 127.0.0.1:17102'"}
2018-05-23T12:08:47Z	a197c98c11fe	{"container_id":"a197c98c11fed0e25fa2ecb18af1dfd4e5276cd7b09076fa44ba20e53e4a7719","container_name":"/radio_station","source":"stderr","log":"'2018-05-23 12:08:47,301 DEBUG (stub_manager) get stub to server target: 127.0.0.1:7102'"}
2018-05-23T12:08:47Z	a197c98c11fe	{"container_name":"/radio_station","source":"stderr","log":"'2018-05-23 12:08:47,304 DEBUG RadioStationService got request: code: 1","container_id":"a197c98c11fed0e25fa2ecb18af1dfd4e5276cd7b09076fa44ba20e53e4a7719"}
2018-05-23T12:08:47Z	a197c98c11fe	{"container_id":"a197c98c11fed0e25fa2ecb18af1dfd4e5276cd7b09076fa44ba20e53e4a7719","container_name":"/radio_station","source":"stderr","log":"'"}
2018-05-23T12:08:47Z	a197c98c11fe	{"log":"'2018-05-23 12:08:47,306 DEBUG RestServerRS run... 9002'","container_id":"a197c98c11fed0e25fa2ecb18af1dfd4e5276cd7b09076fa44ba20e53e4a7719","container_name":"/radio_station","source":"stderr"}
2018-05-23T12:08:47Z	a197c98c11fe	{"source":"stderr","log":"'2018-05-23 12:08:47,315 INFO  * Running on http://0.0.0.0:9002/ (Press CTRL+C to quit)'","container_id":"a197c98c11fed0e25fa2ecb18af1dfd4e5276cd7b09076fa44ba20e53e4a7719","container_name":"/radio_station"}
2018-05-23T12:08:47Z	76baf5348452	{"source":"stderr","log":"# github.com SSH-2.0-libssh_0.7.0","container_id":"76baf5348452b0b7a307bac6229ab24957e7034d8725b405c8e5d2b36a2fd6bc","container_name":"/peer0"}
2018-05-23T12:08:47Z	76baf5348452	{"log":"no hostkey alg\r","container_id":"76baf5348452b0b7a307bac6229ab24957e7034d8725b405c8e5d2b36a2fd6bc","container_name":"/peer0","source":"stderr"}
2018-05-23T12:08:47Z	76baf5348452	{"container_id":"76baf5348452b0b7a307bac6229ab24957e7034d8725b405c8e5d2b36a2fd6bc","container_name":"/peer0","source":"stderr","log":"'2018-05-23 12:08:47,533 INFO loopchain peer run with: port(7100) radio station(radio_station:7102) score(loopchain/default)'"}
2018-05-23T12:08:47Z	76baf5348452	{"container_name":"/peer0","source":"stderr","log":"'2018-05-23 12:08:47,534 INFO Set Radio Station target is radio_station:7102'","container_id":"76baf5348452b0b7a307bac6229ab24957e7034d8725b405c8e5d2b36a2fd6bc"}
2018-05-23T12:08:47Z	76baf5348452	{"container_id":"76baf5348452b0b7a307bac6229ab24957e7034d8725b405c8e5d2b36a2fd6bc","container_name":"/peer0","source":"stderr","log":"'2018-05-23 12:08:47,536 DEBUG public file : /resources/default_pki/public.der'"}
2018-05-23T12:08:47Z	76baf5348452	{"source":"stderr","log":"'2018-05-23 12:08:47,537 DEBUG private file : /resources/default_pki/private.der'","container_id":"76baf5348452b0b7a307bac6229ab24957e7034d8725b405c8e5d2b36a2fd6bc","container_name":"/peer0"}
2018-05-23T12:08:47Z	76baf5348452	{"log":"'2018-05-23 12:08:47,567 DEBUG It's working on docker. Trying to find private IP if it is in EC2.'","container_id":"76baf5348452b0b7a307bac6229ab24957e7034d8725b405c8e5d2b36a2fd6bc","container_name":"/peer0","source":"stderr"}
2018-05-23T12:09:02Z	76baf5348452	{"container_id":"76baf5348452b0b7a307bac6229ab24957e7034d8725b405c8e5d2b36a2fd6bc","container_name":"/peer0","source":"stderr","log":"'2018-05-23 12:09:02,586 DEBUG Timed out! Docker container is working in local.'"}
2018-05-23T12:09:02Z	76baf5348452	{"container_id":"76baf5348452b0b7a307bac6229ab24957e7034d8725b405c8e5d2b36a2fd6bc","container_name":"/peer0","source":"stderr","log":"'2018-05-23 12:09:02,647 INFO make new peer_id: 15090314-5e82-11e8-b5be-0242ac110004'"}
2018-05-23T12:09:02Z	76baf5348452	{"container_id":"76baf5348452b0b7a307bac6229ab24957e7034d8725b405c8e5d2b36a2fd6bc","container_name":"/peer0","source":"stderr","log":"'2018-05-23 12:09:02,651 DEBUG Launch Flask RESTful server. Port = 7100'"}
2018-05-23T12:09:02Z	76baf5348452	{"source":"stdout","log":"try load configure from json file (/conf/peer_conf.json)","container_id":"76baf5348452b0b7a307bac6229ab24957e7034d8725b405c8e5d2b36a2fd6bc","container_name":"/peer0"}
2018-05-23T12:09:02Z	76baf5348452	{"source":"stderr","log":"'2018-05-23 12:09:02,659 DEBUG Container run...'","container_id":"76baf5348452b0b7a307bac6229ab24957e7034d8725b405c8e5d2b36a2fd6bc","container_name":"/peer0"}
2018-05-23T12:09:02Z	76baf5348452	{"container_id":"76baf5348452b0b7a307bac6229ab24957e7034d8725b405c8e5d2b36a2fd6bc","container_name":"/peer0","source":"stderr","log":"'2018-05-23 12:09:02,665 DEBUG It's working on docker. Trying to find private IP if it is in EC2.'"}
2018-05-23T12:09:02Z	76baf5348452	{"container_name":"/peer0","source":"stderr","log":"'2018-05-23 12:09:02,672 DEBUG RestServer run... 9000'","container_id":"76baf5348452b0b7a307bac6229ab24957e7034d8725b405c8e5d2b36a2fd6bc"}
2018-05-23T12:09:02Z	76baf5348452	{"source":"stderr","log":"'2018-05-23 12:09:02,682 INFO  * Running on http://0.0.0.0:9000/ (Press CTRL+C to quit)'","container_id":"76baf5348452b0b7a307bac6229ab24957e7034d8725b405c8e5d2b36a2fd6bc","container_name":"/peer0"}
2018-05-23T12:09:02Z	76baf5348452	{"container_id":"76baf5348452b0b7a307bac6229ab24957e7034d8725b405c8e5d2b36a2fd6bc","container_name":"/peer0","source":"stderr","log":"'2018-05-23 12:09:02,697 INFO (Broadcast Process) Start.'"}
2018-05-23T12:09:02Z	76baf5348452	{"container_id":"76baf5348452b0b7a307bac6229ab24957e7034d8725b405c8e5d2b36a2fd6bc","container_name":"/peer0","source":"stderr","log":"'2018-05-23 12:09:02,700 DEBUG (Broadcast Process) Status, param() audience(0)'"}
2018-05-23T12:09:03Z	76baf5348452	{"container_id":"76baf5348452b0b7a307bac6229ab24957e7034d8725b405c8e5d2b36a2fd6bc","container_name":"/peer0","source":"stderr","log":"'2018-05-23 12:09:03,698 DEBUG wait start broadcast process....'"}
2018-05-23T12:09:03Z	76baf5348452	{"container_id":"76baf5348452b0b7a307bac6229ab24957e7034d8725b405c8e5d2b36a2fd6bc","container_name":"/peer0","source":"stderr","log":"'2018-05-23 12:09:03,702 DEBUG Broadcast Process start({\"result\": \"success\", \"Audience\": \"0\"})'"}
2018-05-23T12:09:03Z	76baf5348452	{"container_name":"/peer0","source":"stderr","log":"'2018-05-23 12:09:03,716 DEBUG try connect to self peer: 172.17.0.4:7100'","container_id":"76baf5348452b0b7a307bac6229ab24957e7034d8725b405c8e5d2b36a2fd6bc"}
2018-05-23T12:09:03Z	76baf5348452	{"container_id":"76baf5348452b0b7a307bac6229ab24957e7034d8725b405c8e5d2b36a2fd6bc","container_name":"/peer0","source":"stderr","log":"'2018-05-23 12:09:03,716 DEBUG (util) get stub to server target: 172.17.0.4:7100'"}
2018-05-23T12:09:03Z	76baf5348452	{"container_name":"/peer0","source":"stderr","log":"'2018-05-23 12:09:03,719 DEBUG (stub_manager) get stub to server target: 172.17.0.4:7100'","container_id":"76baf5348452b0b7a307bac6229ab24957e7034d8725b405c8e5d2b36a2fd6bc"}
2018-05-23T12:09:03Z	76baf5348452	{"log":"'2018-05-23 12:09:03,732 INFO (Tx Process) Start.'","container_id":"76baf5348452b0b7a307bac6229ab24957e7034d8725b405c8e5d2b36a2fd6bc","container_name":"/peer0","source":"stderr"}
2018-05-23T12:09:03Z	76baf5348452	{"source":"stderr","log":"'2018-05-23 12:09:03,734 DEBUG (Tx Process) Status, param() audience(0)'","container_id":"76baf5348452b0b7a307bac6229ab24957e7034d8725b405c8e5d2b36a2fd6bc","container_name":"/peer0"}
2018-05-23T12:09:04Z	76baf5348452	{"log":"'2018-05-23 12:09:04,734 DEBUG wait start tx process....'","container_id":"76baf5348452b0b7a307bac6229ab24957e7034d8725b405c8e5d2b36a2fd6bc","container_name":"/peer0","source":"stderr"}
2018-05-23T12:09:04Z	76baf5348452	{"container_id":"76baf5348452b0b7a307bac6229ab24957e7034d8725b405c8e5d2b36a2fd6bc","container_name":"/peer0","source":"stderr","log":"'2018-05-23 12:09:04,736 DEBUG Tx Process start({\"result\": \"success\", \"Audience\": \"0\"})'"}
2018-05-23T12:09:04Z	76baf5348452	{"source":"stderr","log":"'2018-05-23 12:09:04,739 DEBUG (util) get stub to server target: radio_station:7102'","container_id":"76baf5348452b0b7a307bac6229ab24957e7034d8725b405c8e5d2b36a2fd6bc","container_name":"/peer0"}
2018-05-23T12:09:04Z	76baf5348452	{"log":"'2018-05-23 12:09:04,742 DEBUG (stub_manager) get stub to server target: radio_station:7102'","container_id":"76baf5348452b0b7a307bac6229ab24957e7034d8725b405c8e5d2b36a2fd6bc","container_name":"/peer0","source":"stderr"}
2018-05-23T12:09:04Z	a197c98c11fe	{"source":"stderr","log":"'2018-05-23 12:09:04,746 DEBUG RadioStationService got request: code: 1","container_id":"a197c98c11fed0e25fa2ecb18af1dfd4e5276cd7b09076fa44ba20e53e4a7719","container_name":"/radio_station"}
2018-05-23T12:09:04Z	a197c98c11fe	{"container_id":"a197c98c11fed0e25fa2ecb18af1dfd4e5276cd7b09076fa44ba20e53e4a7719","container_name":"/radio_station","source":"stderr","log":"'"}
2018-05-23T12:09:04Z	76baf5348452	{"source":"stderr","log":"'2018-05-23 12:09:04,749 INFO Connect to channels({\"channel1\": {\"score_package\": \"{your_github_id}/contract_sample\"}})'","container_id":"76baf5348452b0b7a307bac6229ab24957e7034d8725b405c8e5d2b36a2fd6bc","container_name":"/peer0"}
2018-05-23T12:09:04Z	76baf5348452	{"log":"'2018-05-23 12:09:04,750 DEBUG Try join channel(channel1)'","container_id":"76baf5348452b0b7a307bac6229ab24957e7034d8725b405c8e5d2b36a2fd6bc","container_name":"/peer0","source":"stderr"}
2018-05-23T12:09:04Z	76baf5348452	{"container_id":"76baf5348452b0b7a307bac6229ab24957e7034d8725b405c8e5d2b36a2fd6bc","container_name":"/peer0","source":"stderr","log":"'2018-05-23 12:09:04,750 DEBUG load_block_manager_each channel(channel1)'"}
2018-05-23T12:09:04Z	76baf5348452	{"container_id":"76baf5348452b0b7a307bac6229ab24957e7034d8725b405c8e5d2b36a2fd6bc","container_name":"/peer0","source":"stderr","log":"'2018-05-23 12:09:04,751 DEBUG try connect to self peer: 127.0.0.1:17100'"}
2018-05-23T12:09:04Z	76baf5348452	{"container_id":"76baf5348452b0b7a307bac6229ab24957e7034d8725b405c8e5d2b36a2fd6bc","container_name":"/peer0","source":"stderr","log":"'2018-05-23 12:09:04,752 DEBUG (util) get stub to server target: 127.0.0.1:17100'"}
2018-05-23T12:09:04Z	76baf5348452	{"container_name":"/peer0","source":"stderr","log":"'2018-05-23 12:09:04,755 DEBUG (stub_manager) get stub to server target: 127.0.0.1:17100'","container_id":"76baf5348452b0b7a307bac6229ab24957e7034d8725b405c8e5d2b36a2fd6bc"}
2018-05-23T12:09:04Z	76baf5348452	{"source":"stderr","log":"'2018-05-23 12:09:04,772 DEBUG LAST BLOCK KEY : None'","container_id":"76baf5348452b0b7a307bac6229ab24957e7034d8725b405c8e5d2b36a2fd6bc","container_name":"/peer0"}
2018-05-23T12:09:04Z	76baf5348452	{"source":"stderr","log":"'2018-05-23 12:09:04,773 INFO Make Genesis Block....'","container_id":"76baf5348452b0b7a307bac6229ab24957e7034d8725b405c8e5d2b36a2fd6bc","container_name":"/peer0"}
2018-05-23T12:09:04Z	76baf5348452	{"log":"'2018-05-23 12:09:04,773 DEBUG try add all tx in block to block db, block hash: af5570f5a1810b7af78caf4bc70a660f0df51e42baf91d4de5b2328de0e83dfc'","container_id":"76baf5348452b0b7a307bac6229ab24957e7034d8725b405c8e5d2b36a2fd6bc","container_name":"/peer0","source":"stderr"}
2018-05-23T12:09:04Z	76baf5348452	{"log":"'2018-05-23 12:09:04,774 INFO ADD BLOCK HEIGHT : 0 , HASH : af5570f5a1810b7af78caf4bc70a660f0df51e42baf91d4de5b2328de0e83dfc'","container_id":"76baf5348452b0b7a307bac6229ab24957e7034d8725b405c8e5d2b36a2fd6bc","container_name":"/peer0","source":"stderr"}
2018-05-23T12:09:04Z	76baf5348452	{"container_id":"76baf5348452b0b7a307bac6229ab24957e7034d8725b405c8e5d2b36a2fd6bc","container_name":"/peer0","source":"stderr","log":"'2018-05-23 12:09:04,775 INFO re-build blocks from DB....'"}
2018-05-23T12:09:04Z	76baf5348452	{"source":"stderr","log":"'2018-05-23 12:09:04,775 INFO rebuilt blocks, total_tx: 0'","container_id":"76baf5348452b0b7a307bac6229ab24957e7034d8725b405c8e5d2b36a2fd6bc","container_name":"/peer0"}
2018-05-23T12:09:04Z	76baf5348452	{"source":"stderr","log":"'2018-05-23 12:09:04,776 INFO block hash(af5570f5a1810b7af78caf4bc70a660f0df51e42baf91d4de5b2328de0e83dfc) and height(0)'","container_id":"76baf5348452b0b7a307bac6229ab24957e7034d8725b405c8e5d2b36a2fd6bc","container_name":"/peer0"}
2018-05-23T12:09:04Z	76baf5348452	{"container_id":"76baf5348452b0b7a307bac6229ab24957e7034d8725b405c8e5d2b36a2fd6bc","container_name":"/peer0","source":"stderr","log":"'2018-05-23 12:09:04,776 DEBUG before init order list {}'"}
2018-05-23T12:09:04Z	76baf5348452	{"container_id":"76baf5348452b0b7a307bac6229ab24957e7034d8725b405c8e5d2b36a2fd6bc","container_name":"/peer0","source":"stderr","log":"'2018-05-23 12:09:04,777 DEBUG init group: all_group_id'"}
2018-05-23T12:09:04Z	76baf5348452	{"log":"'2018-05-23 12:09:04,779 DEBUG (util) get stub to server target: 127.0.0.1:27121'","container_id":"76baf5348452b0b7a307bac6229ab24957e7034d8725b405c8e5d2b36a2fd6bc","container_name":"/peer0","source":"stderr"}
2018-05-23T12:09:04Z	76baf5348452	{"container_id":"76baf5348452b0b7a307bac6229ab24957e7034d8725b405c8e5d2b36a2fd6bc","container_name":"/peer0","source":"stderr","log":"'2018-05-23 12:09:04,784 DEBUG (stub_manager) get stub to server target: 127.0.0.1:27121'"}
2018-05-23T12:09:04Z	76baf5348452	{"source":"stderr","log":"'2018-05-23 12:09:04,787 DEBUG Container run...'","container_id":"76baf5348452b0b7a307bac6229ab24957e7034d8725b405c8e5d2b36a2fd6bc","container_name":"/peer0"}
2018-05-23T12:09:04Z	76baf5348452	{"container_id":"76baf5348452b0b7a307bac6229ab24957e7034d8725b405c8e5d2b36a2fd6bc","container_name":"/peer0","source":"stderr","log":"'2018-05-23 12:09:04,809 INFO LOAD SCORE AND CONNECT TO SCORE SERVICE!'"}
2018-05-23T12:09:04Z	76baf5348452	{"container_name":"/peer0","source":"stderr","log":"'2018-05-23 12:09:04,809 DEBUG load score params : {\"repository_path\": \"/score\", \"score_package\": \"{your_github_id}/contract_sample\", \"base\": \"git@github.com\", \"peer_id\": \"15090314-5e82-11e8-b5be-0242ac110004\"}'","container_id":"76baf5348452b0b7a307bac6229ab24957e7034d8725b405c8e5d2b36a2fd6bc"}
2018-05-23T12:09:22Z	a197c98c11fe	{"container_id":"a197c98c11fed0e25fa2ecb18af1dfd4e5276cd7b09076fa44ba20e53e4a7719","container_name":"/radio_station","source":"stderr","log":"'2018-05-23 12:09:22,331 DEBUG (channel1) Leader Peer Count: (0)'"}
2018-05-23T12:09:24Z	76baf5348452	{"container_id":"76baf5348452b0b7a307bac6229ab24957e7034d8725b405c8e5d2b36a2fd6bc","container_name":"/peer0","source":"stderr","log":"'2018-05-23 12:09:24,791 DEBUG ScoreService Score Load Request : code: 200"}
2018-05-23T12:09:24Z	76baf5348452	{"log":"meta: \"{\\\"repository_path\\\": \\\"/score\\\", \\\"score_package\\\": \\\"{your_github_id}/contract_sample\\\", \\\"base\\\": \\\"git@github.com\\\", \\\"peer_id\\\": \\\"15090314-5e82-11e8-b5be-0242ac110004\\\"}\"","container_id":"76baf5348452b0b7a307bac6229ab24957e7034d8725b405c8e5d2b36a2fd6bc","container_name":"/peer0","source":"stderr"}
2018-05-23T12:09:24Z	76baf5348452	{"container_id":"76baf5348452b0b7a307bac6229ab24957e7034d8725b405c8e5d2b36a2fd6bc","container_name":"/peer0","source":"stderr","log":"'"}
2018-05-23T12:09:24Z	76baf5348452	{"container_id":"76baf5348452b0b7a307bac6229ab24957e7034d8725b405c8e5d2b36a2fd6bc","container_name":"/peer0","source":"stderr","log":"'2018-05-23 12:09:24,792 DEBUG Peer Score Manager : /score [{your_github_id}/contract_sample]'"}
2018-05-23T12:09:24Z	76baf5348452	{"container_id":"76baf5348452b0b7a307bac6229ab24957e7034d8725b405c8e5d2b36a2fd6bc","container_name":"/peer0","source":"stderr","log":"'2018-05-23 12:09:24,793 DEBUG Package Path : /score/{your_github_id}/contract_sample'"}
2018-05-23T12:09:24Z	76baf5348452	{"container_id":"76baf5348452b0b7a307bac6229ab24957e7034d8725b405c8e5d2b36a2fd6bc","container_name":"/peer0","source":"stderr","log":"'2018-05-23 12:09:24,794 DEBUG try load local package file'"}
2018-05-23T12:09:24Z	76baf5348452	{"log":"'2018-05-23 12:09:24,796 DEBUG /score'","container_id":"76baf5348452b0b7a307bac6229ab24957e7034d8725b405c8e5d2b36a2fd6bc","container_name":"/peer0","source":"stderr"}
2018-05-23T12:09:24Z	76baf5348452	{"log":"'2018-05-23 12:09:24,797 DEBUG load_package_by_file /score/_your_github_id__contract_sample.zip'","container_id":"76baf5348452b0b7a307bac6229ab24957e7034d8725b405c8e5d2b36a2fd6bc","container_name":"/peer0","source":"stderr"}
2018-05-23T12:09:24Z	76baf5348452	{"source":"stderr","log":"'2018-05-23 12:09:24,798 DEBUG try load remote repository'","container_id":"76baf5348452b0b7a307bac6229ab24957e7034d8725b405c8e5d2b36a2fd6bc","container_name":"/peer0"}
2018-05-23T12:09:24Z	76baf5348452	{"container_name":"/peer0","source":"stderr","log":"'2018-05-23 12:09:24,798 DEBUG git Path :/score/{your_github_id}/contract_sample'","container_id":"76baf5348452b0b7a307bac6229ab24957e7034d8725b405c8e5d2b36a2fd6bc"}
2018-05-23T12:09:24Z	76baf5348452	{"container_name":"/peer0","source":"stderr","log":"'2018-05-23 12:09:24,799 DEBUG load_package_by_remote repository_url(git@github.com:{your_github_id}/contract_sample.git) package_path(/score/{your_github_id}/contract_sample)'","container_id":"76baf5348452b0b7a307bac6229ab24957e7034d8725b405c8e5d2b36a2fd6bc"}
2018-05-23T12:09:26Z	76baf5348452	{"log":"'2018-05-23 12:09:26,291 ERROR score_service:__handler_score_load SCORE LOAD IS FAIL params({'repository_path': '/score', 'score_package': '{your_github_id}/contract_sample', 'base': 'git@github.com', 'peer_id': '15090314-5e82-11e8-b5be-0242ac110004'}) error(Cmd('git') failed due to: exit code(128)","container_id":"76baf5348452b0b7a307bac6229ab24957e7034d8725b405c8e5d2b36a2fd6bc","container_name":"/peer0","source":"stderr"}
2018-05-23T12:09:26Z	76baf5348452	{"source":"stderr","log":"  cmdline: git clone -v git@github.com:{your_github_id}/contract_sample.git /score/{your_github_id}/contract_sample","container_id":"76baf5348452b0b7a307bac6229ab24957e7034d8725b405c8e5d2b36a2fd6bc","container_name":"/peer0"}
2018-05-23T12:09:26Z	76baf5348452	{"source":"stderr","log":"  stderr: 'Cloning into '/score/{your_github_id}/contract_sample'...","container_id":"76baf5348452b0b7a307bac6229ab24957e7034d8725b405c8e5d2b36a2fd6bc","container_name":"/peer0"}
2018-05-23T12:09:26Z	76baf5348452	{"log":"Warning: Permanently added the RSA host key for IP address '192.30.255.113' to the list of known hosts.","container_id":"76baf5348452b0b7a307bac6229ab24957e7034d8725b405c8e5d2b36a2fd6bc","container_name":"/peer0","source":"stderr"}
2018-05-23T12:09:26Z	76baf5348452	{"container_id":"76baf5348452b0b7a307bac6229ab24957e7034d8725b405c8e5d2b36a2fd6bc","container_name":"/peer0","source":"stderr","log":"fatal: remote error: "}
2018-05-23T12:09:26Z	76baf5348452	{"container_id":"76baf5348452b0b7a307bac6229ab24957e7034d8725b405c8e5d2b36a2fd6bc","container_name":"/peer0","source":"stderr","log":"   is not a valid repository name"}
2018-05-23T12:09:26Z	76baf5348452	{"log":"  Email support@github.com for help","container_id":"76baf5348452b0b7a307bac6229ab24957e7034d8725b405c8e5d2b36a2fd6bc","container_name":"/peer0","source":"stderr"}
2018-05-23T12:09:26Z	76baf5348452	{"container_id":"76baf5348452b0b7a307bac6229ab24957e7034d8725b405c8e5d2b36a2fd6bc","container_name":"/peer0","source":"stderr","log":"')'"}
2018-05-23T12:09:26Z	76baf5348452	{"source":"stderr","log":"Traceback (most recent call last):","container_id":"76baf5348452b0b7a307bac6229ab24957e7034d8725b405c8e5d2b36a2fd6bc","container_name":"/peer0"}
2018-05-23T12:09:26Z	76baf5348452	{"container_id":"76baf5348452b0b7a307bac6229ab24957e7034d8725b405c8e5d2b36a2fd6bc","container_name":"/peer0","source":"stderr","log":"  File \"/loopchain/container/score_service.py\", line 144, in __handler_score_load"}
2018-05-23T12:09:26Z	76baf5348452	{"container_name":"/peer0","source":"stderr","log":"    params[message_code.MetaParams.ScoreLoad.base])","container_id":"76baf5348452b0b7a307bac6229ab24957e7034d8725b405c8e5d2b36a2fd6bc"}
2018-05-23T12:09:26Z	76baf5348452	{"source":"stderr","log":"  File \"/loopchain/baseservice/peer_score.py\", line 66, in __init__","container_id":"76baf5348452b0b7a307bac6229ab24957e7034d8725b405c8e5d2b36a2fd6bc","container_name":"/peer0"}
2018-05-23T12:09:26Z	76baf5348452	{"container_id":"76baf5348452b0b7a307bac6229ab24957e7034d8725b405c8e5d2b36a2fd6bc","container_name":"/peer0","source":"stderr","log":"    self.load_package()"}
2018-05-23T12:09:26Z	76baf5348452	{"container_id":"76baf5348452b0b7a307bac6229ab24957e7034d8725b405c8e5d2b36a2fd6bc","container_name":"/peer0","source":"stderr","log":"  File \"/loopchain/baseservice/peer_score.py\", line 113, in load_package"}
2018-05-23T12:09:26Z	76baf5348452	{"source":"stderr","log":"    is_loaded = self.load_package_by_remote()","container_id":"76baf5348452b0b7a307bac6229ab24957e7034d8725b405c8e5d2b36a2fd6bc","container_name":"/peer0"}
2018-05-23T12:09:26Z	76baf5348452	{"container_id":"76baf5348452b0b7a307bac6229ab24957e7034d8725b405c8e5d2b36a2fd6bc","container_name":"/peer0","source":"stderr","log":"  File \"/loopchain/baseservice/peer_score.py\", line 226, in load_package_by_remote"}
2018-05-23T12:09:26Z	76baf5348452	{"source":"stderr","log":"    self.__package_repository = Repo._clone(git, repository_url, self.__package_path, GitCmdObjectDB, None)","container_id":"76baf5348452b0b7a307bac6229ab24957e7034d8725b405c8e5d2b36a2fd6bc","container_name":"/peer0"}
2018-05-23T12:09:26Z	76baf5348452	{"source":"stderr","log":"  File \"/usr/local/lib/python3.6/dist-packages/git/repo/base.py\", line 933, in _clone","container_id":"76baf5348452b0b7a307bac6229ab24957e7034d8725b405c8e5d2b36a2fd6bc","container_name":"/peer0"}
2018-05-23T12:09:26Z	76baf5348452	{"source":"stderr","log":"    finalize_process(proc, stderr=stderr)","container_id":"76baf5348452b0b7a307bac6229ab24957e7034d8725b405c8e5d2b36a2fd6bc","container_name":"/peer0"}
2018-05-23T12:09:26Z	76baf5348452	{"container_name":"/peer0","source":"stderr","log":"  File \"/usr/local/lib/python3.6/dist-packages/git/util.py\", line 336, in finalize_process","container_id":"76baf5348452b0b7a307bac6229ab24957e7034d8725b405c8e5d2b36a2fd6bc"}
2018-05-23T12:09:26Z	76baf5348452	{"container_id":"76baf5348452b0b7a307bac6229ab24957e7034d8725b405c8e5d2b36a2fd6bc","container_name":"/peer0","source":"stderr","log":"    proc.wait(**kwargs)"}
2018-05-23T12:09:26Z	76baf5348452	{"container_id":"76baf5348452b0b7a307bac6229ab24957e7034d8725b405c8e5d2b36a2fd6bc","container_name":"/peer0","source":"stderr","log":"  File \"/usr/local/lib/python3.6/dist-packages/git/cmd.py\", line 418, in wait"}
2018-05-23T12:09:26Z	76baf5348452	{"log":"    raise GitCommandError(self.args, status, errstr)","container_id":"76baf5348452b0b7a307bac6229ab24957e7034d8725b405c8e5d2b36a2fd6bc","container_name":"/peer0","source":"stderr"}
2018-05-23T12:09:26Z	76baf5348452	{"container_id":"76baf5348452b0b7a307bac6229ab24957e7034d8725b405c8e5d2b36a2fd6bc","container_name":"/peer0","source":"stderr","log":"git.exc.GitCommandError: Cmd('git') failed due to: exit code(128)"}
2018-05-23T12:09:26Z	76baf5348452	{"source":"stderr","log":"  cmdline: git clone -v git@github.com:{your_github_id}/contract_sample.git /score/{your_github_id}/contract_sample","container_id":"76baf5348452b0b7a307bac6229ab24957e7034d8725b405c8e5d2b36a2fd6bc","container_name":"/peer0"}
2018-05-23T12:09:26Z	76baf5348452	{"container_id":"76baf5348452b0b7a307bac6229ab24957e7034d8725b405c8e5d2b36a2fd6bc","container_name":"/peer0","source":"stderr","log":"  stderr: 'Cloning into '/score/{your_github_id}/contract_sample'..."}
2018-05-23T12:09:26Z	76baf5348452	{"container_id":"76baf5348452b0b7a307bac6229ab24957e7034d8725b405c8e5d2b36a2fd6bc","container_name":"/peer0","source":"stderr","log":"Warning: Permanently added the RSA host key for IP address '192.30.255.113' to the list of known hosts."}
2018-05-23T12:09:26Z	76baf5348452	{"container_id":"76baf5348452b0b7a307bac6229ab24957e7034d8725b405c8e5d2b36a2fd6bc","container_name":"/peer0","source":"stderr","log":"fatal: remote error: "}
2018-05-23T12:09:26Z	76baf5348452	{"source":"stderr","log":"   is not a valid repository name","container_id":"76baf5348452b0b7a307bac6229ab24957e7034d8725b405c8e5d2b36a2fd6bc","container_name":"/peer0"}
2018-05-23T12:09:26Z	76baf5348452	{"source":"stderr","log":"  Email support@github.com for help","container_id":"76baf5348452b0b7a307bac6229ab24957e7034d8725b405c8e5d2b36a2fd6bc","container_name":"/peer0"}
2018-05-23T12:09:26Z	76baf5348452	{"container_name":"/peer0","source":"stderr","log":"'","container_id":"76baf5348452b0b7a307bac6229ab24957e7034d8725b405c8e5d2b36a2fd6bc"}
2018-05-23T12:09:26Z	76baf5348452	{"container_id":"76baf5348452b0b7a307bac6229ab24957e7034d8725b405c8e5d2b36a2fd6bc","container_name":"/peer0","source":"stderr","log":"'2018-05-23 12:09:26,295 DEBUG try score load on score service: code: -1"}
2018-05-23T12:09:26Z	76baf5348452	{"log":"message: \"Cmd(\\'git\\') failed due to: exit code(128)\\n  cmdline: git clone -v git@github.com:{your_github_id}/contract_sample.git /score/{your_github_id}/contract_sample\\n  stderr: \\'Cloning into \\'/score/{your_github_id}/contract_sample\\'...\\nWarning: Permanently added the RSA host key for IP address \\'192.30.255.113\\' to the list of known hosts.\\nfatal: remote error: \\n   is not a valid repository name\\n  Email support@github.com for help\\n\\'\"","container_id":"76baf5348452b0b7a307bac6229ab24957e7034d8725b405c8e5d2b36a2fd6bc","container_name":"/peer0","source":"stderr"}
2018-05-23T12:09:26Z	76baf5348452	{"container_id":"76baf5348452b0b7a307bac6229ab24957e7034d8725b405c8e5d2b36a2fd6bc","container_name":"/peer0","source":"stderr","log":"'"}
2018-05-23T12:09:26Z	76baf5348452	{"log":"'2018-05-23 12:09:26,298 DEBUG __handler_connect 172.17.0.4:7100'","container_id":"76baf5348452b0b7a307bac6229ab24957e7034d8725b405c8e5d2b36a2fd6bc","container_name":"/peer0","source":"stderr"}
2018-05-23T12:09:26Z	76baf5348452	{"source":"stderr","log":"'2018-05-23 12:09:26,302 DEBUG try connect to score service: code: 0","container_id":"76baf5348452b0b7a307bac6229ab24957e7034d8725b405c8e5d2b36a2fd6bc","container_name":"/peer0"}
2018-05-23T12:09:26Z	76baf5348452	{"log":"'","container_id":"76baf5348452b0b7a307bac6229ab24957e7034d8725b405c8e5d2b36a2fd6bc","container_name":"/peer0","source":"stderr"}
2018-05-23T12:09:26Z	76baf5348452	{"source":"stderr","log":"'2018-05-23 12:09:26,302 ERROR Service Stop by Fail Get Score from Score Server...'","container_id":"76baf5348452b0b7a307bac6229ab24957e7034d8725b405c8e5d2b36a2fd6bc","container_name":"/peer0"}
2018-05-23T12:09:26Z	76baf5348452	{"log":"'2018-05-23 12:09:26,425 ERROR (Tx Process) not available reason([Errno 32] Broken pipe)'","container_id":"76baf5348452b0b7a307bac6229ab24957e7034d8725b405c8e5d2b36a2fd6bc","container_name":"/peer0","source":"stderr"}
2018-05-23T12:09:26Z	76baf5348452	{"container_id":"76baf5348452b0b7a307bac6229ab24957e7034d8725b405c8e5d2b36a2fd6bc","container_name":"/peer0","source":"stderr","log":"'2018-05-23 12:09:26,425 INFO (Tx Process) Ended.'"}
2018-05-23T12:09:26Z	76baf5348452	{"container_id":"76baf5348452b0b7a307bac6229ab24957e7034d8725b405c8e5d2b36a2fd6bc","container_name":"/peer0","source":"stderr","log":"'2018-05-23 12:09:26,497 ERROR (Broadcast Process) not available reason([Errno 32] Broken pipe)'"}
2018-05-23T12:09:26Z	76baf5348452	{"container_id":"76baf5348452b0b7a307bac6229ab24957e7034d8725b405c8e5d2b36a2fd6bc","container_name":"/peer0","source":"stderr","log":"'2018-05-23 12:09:26,499 INFO (Broadcast Process) Ended.'"}
2018-05-23T12:09:54Z	a197c98c11fe	{"container_id":"a197c98c11fed0e25fa2ecb18af1dfd4e5276cd7b09076fa44ba20e53e4a7719","container_name":"/radio_station","source":"stderr","log":"'2018-05-23 12:09:54,360 DEBUG (channel1) Leader Peer Count: (0)'"}
